<?xml version="1.0" encoding="UTF-8"?>
<testsuite xmlns:xsi="http://www.w3.org/2001/XMLSchema-instance" xsi:noNamespaceSchemaLocation="https://maven.apache.org/surefire/maven-surefire-plugin/xsd/surefire-test-report.xsd" version="3.0.2" name="com.fetch.receipt.ReceiptApplicationTests" time="6.678" tests="1" errors="0" skipped="0" failures="0">
  <properties>
[...]
</properties>
  <testcase name="contextLoads" classname="com.fetch.receipt.ReceiptApplicationTests" time="0.562">
    <system-out><![CDATA[22:19:53.170 [main] INFO org.springframework.boot.devtools.restart.RestartApplicationListener -- Restart disabled due to context in which it is running

  .   ____          _            __ _ _
 /\\ / ___'_ __ _ _(_)_ __  __ _ \ \ \ \
( ( )\___ | '_ | '_| | '_ \/ _` | \ \ \ \
 \\/  ___)| |_)| | | | | || (_| |  ) ) ) )
  '  |____| .__|_| |_|_| |_\__, | / / / /
 =========|_|==============|___/=/_/_/_/

 :: Spring Boot ::                (v3.4.2)

2025-02-12T22:19:53.632-06:00  INFO 28428 --- [receipt] [           main] c.fetch.receipt.ReceiptApplicationTests  : Starting ReceiptApplicationTests using Java 17.0.14 with PID 28428 (started by Kevin in E:\Workspace\receipt)
2025-02-12T22:19:53.636-06:00  INFO 28428 --- [receipt] [           main] c.fetch.receipt.ReceiptApplicationTests  : No active profile set, falling back to 1 default profile: "default"
2025-02-12T22:19:54.620-06:00  INFO 28428 --- [receipt] [           main] .s.d.r.c.RepositoryConfigurationDelegate : Bootstrapping Spring Data JPA repositories in DEFAULT mode.
2025-02-12T22:19:54.771-06:00  INFO 28428 --- [receipt] [           main] .s.d.r.c.RepositoryConfigurationDelegate : Finished Spring Data repository scanning in 137 ms. Found 1 JPA repository interface.
2025-02-12T22:19:55.559-06:00  INFO 28428 --- [receipt] [           main] com.zaxxer.hikari.HikariDataSource       : HikariPool-1 - Starting...
2025-02-12T22:19:55.765-06:00  INFO 28428 --- [receipt] [           main] com.zaxxer.hikari.pool.HikariPool        : HikariPool-1 - Added connection conn0: url=jdbc:h2:mem:61e39d15-14d8-4360-8adb-e28b365d2c43 user=SA
2025-02-12T22:19:55.768-06:00  INFO 28428 --- [receipt] [           main] com.zaxxer.hikari.HikariDataSource       : HikariPool-1 - Start completed.
2025-02-12T22:19:55.886-06:00  INFO 28428 --- [receipt] [           main] o.hibernate.jpa.internal.util.LogHelper  : HHH000204: Processing PersistenceUnitInfo [name: default]
2025-02-12T22:19:55.984-06:00  INFO 28428 --- [receipt] [           main] org.hibernate.Version                    : HHH000412: Hibernate ORM core version 6.6.5.Final
2025-02-12T22:19:56.054-06:00  INFO 28428 --- [receipt] [           main] o.h.c.internal.RegionFactoryInitiator    : HHH000026: Second-level cache disabled
2025-02-12T22:19:56.496-06:00  INFO 28428 --- [receipt] [           main] o.s.o.j.p.SpringPersistenceUnitInfo      : No LoadTimeWeaver setup: ignoring JPA class transformer
2025-02-12T22:19:56.603-06:00  INFO 28428 --- [receipt] [           main] org.hibernate.orm.connections.pooling    : HHH10001005: Database info:
	Database JDBC URL [Connecting through datasource 'HikariDataSource (HikariPool-1)']
	Database driver: undefined/unknown
	Database version: 2.3.232
	Autocommit mode: undefined/unknown
	Isolation level: undefined/unknown
	Minimum pool size: undefined/unknown
	Maximum pool size: undefined/unknown
2025-02-12T22:19:57.588-06:00  INFO 28428 --- [receipt] [           main] o.h.e.t.j.p.i.JtaPlatformInitiator       : HHH000489: No JTA platform available (set 'hibernate.transaction.jta.platform' to enable JTA platform integration)
2025-02-12T22:19:57.635-06:00  INFO 28428 --- [receipt] [           main] j.LocalContainerEntityManagerFactoryBean : Initialized JPA EntityManagerFactory for persistence unit 'default'
2025-02-12T22:19:58.353-06:00  WARN 28428 --- [receipt] [           main] JpaBaseConfiguration$JpaWebConfiguration : spring.jpa.open-in-view is enabled by default. Therefore, database queries may be performed during view rendering. Explicitly configure spring.jpa.open-in-view to disable this warning
2025-02-12T22:19:58.736-06:00  INFO 28428 --- [receipt] [           main] c.fetch.receipt.ReceiptApplicationTests  : Started ReceiptApplicationTests in 5.593 seconds (process running for 6.9)
]]></system-out>
  </testcase>
</testsuite>